TN:
SF:src/App.tsx
FN:8,(anonymous_0)
FNF:1
FNH:1
FNDA:1,(anonymous_0)
DA:8,1
DA:9,1
LF:2
LH:2
BRF:0
BRH:0
end_of_record
TN:
SF:src/app/ErrorBoundary.tsx
FN:18,(anonymous_0)
FN:22,(anonymous_1)
FN:29,(anonymous_2)
FNF:3
FNH:3
FNDA:3,(anonymous_0)
FNDA:1,(anonymous_1)
FNDA:5,(anonymous_2)
DA:14,3
DA:19,2
DA:23,1
DA:30,5
DA:31,2
DA:43,3
LF:6
LH:6
BRDA:30,0,0,2
BRDA:30,0,1,3
BRF:2
BRH:2
end_of_record
TN:
SF:src/app/RouteErrorBoundary.tsx
FN:6,(anonymous_0)
FN:9,(anonymous_1)
FNF:2
FNH:2
FNDA:1,(anonymous_0)
FNDA:1,(anonymous_1)
DA:6,4
DA:7,1
DA:9,1
DA:10,1
DA:15,1
DA:19,1
LF:6
LH:6
BRDA:15,0,0,1
BRDA:15,0,1,0
BRF:2
BRH:1
end_of_record
TN:
SF:src/app/providers.tsx
FN:12,(anonymous_0)
FN:13,(anonymous_1)
FNF:2
FNH:2
FNDA:9,(anonymous_0)
FNDA:9,(anonymous_1)
DA:12,4
DA:13,9
DA:15,9
LF:3
LH:3
BRDA:13,0,0,9
BRDA:13,0,1,2
BRF:2
BRH:2
end_of_record
TN:
SF:src/app/queryClient.ts
FN:3,(anonymous_0)
FNF:1
FNH:1
FNDA:3,(anonymous_0)
DA:3,5
DA:4,3
LF:2
LH:2
BRF:0
BRH:0
end_of_record
TN:
SF:src/app/routeModules.ts
FN:14,(anonymous_0)
FN:18,(anonymous_1)
FN:22,(anonymous_2)
FN:26,(anonymous_3)
FN:30,(anonymous_4)
FN:45,(anonymous_5)
FN:48,(anonymous_6)
FN:51,(anonymous_7)
FN:54,(anonymous_8)
FN:59,(anonymous_9)
FNF:10
FNH:4
FNDA:4,(anonymous_0)
FNDA:1,(anonymous_1)
FNDA:1,(anonymous_2)
FNDA:2,(anonymous_3)
FNDA:0,(anonymous_4)
FNDA:0,(anonymous_5)
FNDA:0,(anonymous_6)
FNDA:0,(anonymous_7)
FNDA:0,(anonymous_8)
FNDA:0,(anonymous_9)
DA:13,4
DA:15,4
DA:16,3
DA:19,1
DA:20,1
DA:23,1
DA:24,1
DA:27,2
DA:28,2
DA:31,0
DA:32,0
DA:36,4
DA:44,4
DA:46,0
DA:49,0
DA:52,0
DA:55,0
DA:59,4
DA:60,0
DA:61,0
DA:62,0
DA:65,0
LF:22
LH:12
BRDA:61,0,0,0
BRDA:61,0,1,0
BRF:2
BRH:0
end_of_record
TN:
SF:src/app/router.tsx
FNF:0
FNH:0
DA:8,3
DA:42,3
LF:2
LH:2
BRF:0
BRH:0
end_of_record
TN:
SF:src/app/ui-preferences.tsx
FN:29,(anonymous_0)
FN:33,(anonymous_1)
FN:37,(anonymous_2)
FN:42,(anonymous_3)
FN:47,(anonymous_4)
FN:48,(anonymous_5)
FN:49,(anonymous_6)
FN:50,(anonymous_7)
FN:54,(anonymous_8)
FN:59,(anonymous_9)
FN:64,(anonymous_10)
FN:68,(anonymous_11)
FN:69,(anonymous_12)
FN:73,(anonymous_13)
FN:92,(anonymous_14)
FNF:15
FNH:13
FNDA:9,(anonymous_0)
FNDA:9,(anonymous_1)
FNDA:9,(anonymous_2)
FNDA:9,(anonymous_3)
FNDA:9,(anonymous_4)
FNDA:9,(anonymous_5)
FNDA:9,(anonymous_6)
FNDA:9,(anonymous_7)
FNDA:9,(anonymous_8)
FNDA:9,(anonymous_9)
FNDA:9,(anonymous_10)
FNDA:0,(anonymous_11)
FNDA:0,(anonymous_12)
FNDA:9,(anonymous_13)
FNDA:19,(anonymous_14)
DA:25,4
DA:29,4
DA:30,9
DA:33,4
DA:34,9
DA:37,4
DA:38,9
DA:39,9
DA:42,4
DA:43,9
DA:44,9
DA:47,4
DA:48,9
DA:49,9
DA:50,9
DA:54,9
DA:55,9
DA:56,9
DA:59,9
DA:60,9
DA:61,9
DA:64,9
DA:65,9
DA:68,9
DA:69,0
DA:72,9
DA:73,9
DA:85,9
DA:92,4
DA:93,19
DA:94,19
DA:95,0
DA:97,19
LF:33
LH:31
BRDA:30,0,0,9
BRDA:30,0,1,4
BRDA:34,1,0,9
BRDA:34,1,1,4
BRDA:39,2,0,5
BRDA:39,2,1,4
BRDA:44,3,0,5
BRDA:44,3,1,4
BRDA:94,4,0,0
BRDA:94,4,1,19
BRF:10
BRH:9
end_of_record
TN:
SF:src/components/common/EmptyState.tsx
FN:6,(anonymous_0)
FNF:1
FNH:1
FNDA:1,(anonymous_0)
DA:6,3
DA:7,1
LF:2
LH:2
BRF:0
BRH:0
end_of_record
TN:
SF:src/components/common/ErrorState.tsx
FN:7,(anonymous_0)
FNF:1
FNH:1
FNDA:2,(anonymous_0)
DA:7,3
DA:12,2
LF:2
LH:2
BRDA:8,0,0,2
BRDA:9,1,0,2
BRDA:16,2,0,2
BRDA:16,2,1,0
BRF:4
BRH:3
end_of_record
TN:
SF:src/components/common/LoadingState.tsx
FN:5,(anonymous_0)
FNF:1
FNH:1
FNDA:16,(anonymous_0)
DA:5,4
DA:6,16
LF:2
LH:2
BRDA:5,0,0,16
BRF:1
BRH:1
end_of_record
TN:
SF:src/components/customers/CustomersFilters.tsx
FN:15,(anonymous_0)
FN:23,(anonymous_1)
FN:33,(anonymous_2)
FN:49,(anonymous_3)
FNF:4
FNH:4
FNDA:9,(anonymous_0)
FNDA:3,(anonymous_1)
FNDA:1,(anonymous_2)
FNDA:1,(anonymous_3)
DA:15,2
DA:16,9
DA:23,3
DA:34,1
DA:50,1
LF:5
LH:5
BRF:0
BRH:0
end_of_record
TN:
SF:src/components/customers/CustomersTable.tsx
FN:21,(anonymous_0)
FN:48,(anonymous_1)
FN:78,(anonymous_2)
FN:89,(anonymous_3)
FNF:4
FNH:4
FNDA:6,(anonymous_0)
FNDA:31,(anonymous_1)
FNDA:1,(anonymous_2)
FNDA:2,(anonymous_3)
DA:15,2
DA:21,2
DA:29,6
DA:49,31
DA:78,1
DA:89,2
LF:6
LH:6
BRDA:33,0,0,1
BRDA:33,0,1,5
BRF:2
BRH:2
end_of_record
TN:
SF:src/components/dashboard/KpiCard.tsx
FN:16,(anonymous_0)
FNF:1
FNH:1
FNDA:17,(anonymous_0)
DA:10,2
DA:16,2
DA:18,17
DA:24,17
LF:4
LH:4
BRDA:18,0,0,9
BRDA:18,0,1,8
BRDA:20,1,0,4
BRDA:20,1,1,4
BRF:4
BRH:4
end_of_record
TN:
SF:src/components/dashboard/RevenueChart.tsx
FN:20,(anonymous_0)
FN:36,(anonymous_1)
FN:46,(anonymous_2)
FN:51,(anonymous_3)
FN:52,(anonymous_4)
FNF:5
FNH:1
FNDA:6,(anonymous_0)
FNDA:0,(anonymous_1)
FNDA:0,(anonymous_2)
FNDA:0,(anonymous_3)
FNDA:0,(anonymous_4)
DA:20,2
DA:24,6
DA:37,0
DA:46,0
DA:51,0
DA:53,0
LF:6
LH:2
BRDA:22,0,0,6
BRF:1
BRH:1
end_of_record
TN:
SF:src/components/layout/AppLayout.tsx
FN:15,(anonymous_0)
FN:58,(anonymous_1)
FN:62,(anonymous_2)
FN:65,(anonymous_3)
FN:68,(anonymous_4)
FN:106,(anonymous_5)
FN:110,(anonymous_6)
FN:113,(anonymous_7)
FNF:8
FNH:5
FNDA:9,(anonymous_0)
FNDA:36,(anonymous_1)
FNDA:0,(anonymous_2)
FNDA:0,(anonymous_3)
FNDA:40,(anonymous_4)
FNDA:36,(anonymous_5)
FNDA:0,(anonymous_6)
FNDA:40,(anonymous_7)
DA:8,4
DA:15,4
DA:16,9
DA:18,9
DA:59,36
DA:63,0
DA:66,0
DA:68,40
DA:107,36
DA:111,0
DA:113,40
LF:11
LH:8
BRDA:33,0,0,0
BRDA:33,0,1,9
BRDA:41,1,0,9
BRDA:41,1,1,0
BRDA:53,2,0,0
BRDA:53,2,1,9
BRDA:71,3,0,8
BRDA:71,3,1,32
BRDA:80,4,0,36
BRDA:80,4,1,0
BRDA:83,5,0,0
BRDA:83,5,1,36
BRDA:85,6,0,36
BRDA:85,6,1,0
BRDA:92,7,0,9
BRDA:92,7,1,0
BRDA:116,8,0,8
BRDA:116,8,1,32
BRF:18
BRH:11
end_of_record
TN:
SF:src/components/layout/TopBar.tsx
FN:8,(anonymous_0)
FNF:1
FNH:1
FNDA:10,(anonymous_0)
DA:1,5
DA:8,5
DA:9,10
LF:3
LH:3
BRF:0
BRH:0
end_of_record
TN:
SF:src/lib/queryKeys.ts
FN:5,(anonymous_0)
FN:6,(anonymous_1)
FNF:2
FNH:2
FNDA:16,(anonymous_0)
FNDA:17,(anonymous_1)
DA:3,2
DA:5,16
DA:6,17
LF:3
LH:3
BRF:0
BRH:0
end_of_record
TN:
SF:src/lib/storage.ts
FN:1,(anonymous_0)
FN:9,(anonymous_1)
FN:17,(anonymous_2)
FNF:3
FNH:3
FNDA:31,(anonymous_0)
FNDA:30,(anonymous_1)
FNDA:12,(anonymous_2)
DA:1,5
DA:2,31
DA:3,0
DA:6,31
DA:9,5
DA:10,30
DA:11,0
DA:14,30
DA:17,5
DA:18,12
DA:19,12
DA:20,5
DA:23,7
LF:13
LH:11
BRDA:2,0,0,0
BRDA:2,0,1,31
BRDA:10,1,0,0
BRDA:10,1,1,30
BRDA:17,2,0,12
BRDA:19,3,0,5
BRDA:19,3,1,7
BRF:7
BRH:5
end_of_record
TN:
SF:src/lib/storageKeys.ts
FNF:0
FNH:0
DA:1,4
DA:2,4
DA:3,4
LF:3
LH:3
BRF:0
BRH:0
end_of_record
TN:
SF:src/lib/api/client.ts
FN:6,(anonymous_0)
FN:23,(anonymous_1)
FN:38,(anonymous_2)
FN:73,(anonymous_3)
FN:84,(anonymous_4)
FNF:5
FNH:5
FNDA:2,(anonymous_0)
FNDA:16,(anonymous_1)
FNDA:16,(anonymous_2)
FNDA:15,(anonymous_3)
FNDA:1,(anonymous_4)
DA:7,2
DA:8,2
DA:9,2
DA:23,2
DA:24,16
DA:25,16
DA:27,16
DA:28,9
DA:29,29
DA:30,24
DA:35,16
DA:38,2
DA:45,16
DA:52,16
DA:53,1
DA:56,16
DA:58,15
DA:59,2
DA:62,13
DA:63,13
DA:65,13
DA:66,0
DA:69,13
DA:72,2
DA:78,15
DA:85,1
LF:26
LH:25
BRDA:24,0,0,16
BRDA:24,0,1,16
BRDA:27,1,0,9
BRDA:27,1,1,7
BRDA:29,2,0,24
BRDA:29,2,1,5
BRDA:29,3,0,29
BRDA:29,3,1,29
BRDA:29,3,2,29
BRDA:41,4,0,16
BRDA:52,5,0,1
BRDA:52,5,1,15
BRDA:58,6,0,2
BRDA:58,6,1,13
BRDA:65,7,0,0
BRDA:65,7,1,13
BRDA:82,8,0,9
BRDA:82,8,1,6
BRF:18
BRH:17
end_of_record
TN:
SF:src/lib/api/schemas.ts
FN:55,(anonymous_0)
FNF:1
FNH:1
FNDA:8,(anonymous_0)
DA:3,2
DA:4,2
DA:5,2
DA:6,2
DA:7,2
DA:8,2
DA:10,2
DA:18,2
DA:24,2
DA:34,2
DA:40,2
DA:47,2
DA:55,2
DA:56,8
DA:60,2
DA:61,2
DA:62,2
DA:63,2
DA:65,2
LF:19
LH:19
BRF:0
BRH:0
end_of_record
TN:
SF:src/lib/hooks/useDebouncedValue.ts
FN:3,(anonymous_0)
FN:6,(anonymous_1)
FN:7,(anonymous_2)
FN:11,(anonymous_3)
FNF:4
FNH:4
FNDA:6,(anonymous_0)
FNDA:3,(anonymous_1)
FNDA:2,(anonymous_2)
FNDA:3,(anonymous_3)
DA:3,2
DA:4,6
DA:6,6
DA:7,3
DA:8,2
DA:11,3
DA:12,3
DA:16,6
LF:8
LH:8
BRF:0
BRH:0
end_of_record
TN:
SF:src/lib/monitoring/logger.ts
FN:7,(anonymous_0)
FNF:1
FNH:1
FNDA:2,(anonymous_0)
DA:7,6
DA:8,2
DA:9,1
DA:10,1
DA:13,1
LF:5
LH:5
BRDA:7,0,0,2
BRDA:8,1,0,1
BRDA:8,1,1,1
BRF:3
BRH:3
end_of_record
TN:
SF:src/lib/monitoring/sentry.ts
FN:9,(anonymous_0)
FN:14,(anonymous_1)
FN:28,(anonymous_2)
FN:32,(anonymous_3)
FN:50,(anonymous_4)
FNF:5
FNH:5
FNDA:3,(anonymous_0)
FNDA:2,(anonymous_1)
FNDA:4,(anonymous_2)
FNDA:3,(anonymous_3)
FNDA:1,(anonymous_4)
DA:9,7
DA:10,3
DA:11,3
DA:14,7
DA:15,2
DA:16,2
DA:17,0
DA:20,2
DA:21,2
DA:22,1
DA:25,1
DA:28,7
DA:29,4
DA:32,7
DA:33,3
DA:34,3
DA:35,1
DA:38,2
DA:39,2
DA:41,3
DA:50,7
DA:54,1
DA:55,1
DA:56,1
DA:60,0
LF:25
LH:23
BRDA:16,0,0,0
BRDA:16,0,1,2
BRDA:21,1,0,1
BRDA:21,1,1,1
BRDA:21,2,0,2
BRDA:21,2,1,1
BRDA:21,2,2,1
BRDA:34,3,0,1
BRDA:34,3,1,2
BRDA:43,4,0,3
BRDA:43,4,1,1
BRDA:46,5,0,1
BRDA:46,5,1,1
BRF:13
BRH:12
end_of_record
TN:
SF:src/lib/monitoring/webVitals.ts
FN:3,(anonymous_0)
FN:7,(anonymous_1)
FN:25,(anonymous_2)
FN:28,(anonymous_3)
FN:46,(anonymous_4)
FNF:5
FNH:4
FNDA:15,(anonymous_0)
FNDA:15,(anonymous_1)
FNDA:0,(anonymous_2)
FNDA:15,(anonymous_3)
FNDA:3,(anonymous_4)
DA:3,1
DA:4,15
DA:7,1
DA:8,15
DA:10,15
DA:11,10
DA:14,10
DA:15,10
DA:18,5
DA:25,0
DA:28,1
DA:29,15
DA:30,0
DA:33,15
DA:34,15
DA:46,1
DA:47,3
DA:48,0
DA:51,3
DA:53,3
DA:54,3
DA:55,3
DA:56,3
DA:57,3
LF:24
LH:21
BRDA:4,0,0,15
BRDA:4,0,1,5
BRDA:10,1,0,10
BRDA:10,1,1,5
BRDA:29,2,0,0
BRDA:29,2,1,15
BRDA:29,3,0,15
BRDA:29,3,1,15
BRDA:47,4,0,0
BRDA:47,4,1,3
BRF:10
BRH:8
end_of_record
TN:
SF:src/lib/services/customerService.ts
FN:14,(anonymous_0)
FNF:1
FNH:1
FNDA:5,(anonymous_0)
DA:5,1
DA:13,1
DA:15,5
DA:20,5
DA:25,5
LF:5
LH:5
BRF:0
BRH:0
end_of_record
TN:
SF:src/lib/services/dashboardService.ts
FN:6,(anonymous_0)
FN:10,(anonymous_1)
FNF:2
FNH:2
FNDA:3,(anonymous_0)
FNDA:4,(anonymous_1)
DA:5,1
DA:7,3
DA:8,2
DA:11,4
DA:12,4
LF:5
LH:5
BRF:0
BRH:0
end_of_record
TN:
SF:src/lib/services/settingsService.ts
FN:6,(anonymous_0)
FN:10,(anonymous_1)
FNF:2
FNH:2
FNDA:3,(anonymous_0)
FNDA:1,(anonymous_1)
DA:5,2
DA:7,3
DA:8,2
DA:11,1
DA:12,1
DA:17,0
LF:6
LH:5
BRF:0
BRH:0
end_of_record
TN:
SF:src/lib/utils/format.ts
FN:1,(anonymous_0)
FN:10,(anonymous_1)
FN:14,(anonymous_2)
FN:21,(anonymous_3)
FNF:4
FNH:4
FNDA:34,(anonymous_0)
FNDA:20,(anonymous_1)
FNDA:18,(anonymous_2)
FNDA:32,(anonymous_3)
DA:1,5
DA:2,34
DA:10,5
DA:11,20
DA:14,5
DA:15,18
DA:21,5
DA:22,32
LF:8
LH:8
BRDA:5,0,0,2
BRDA:5,0,1,32
BRDA:6,1,0,2
BRDA:6,1,1,32
BRDA:11,2,0,15
BRDA:11,2,1,5
BRF:6
BRH:6
end_of_record
TN:
SF:src/pages/AnalyticsPage.tsx
FN:14,(anonymous_0)
FN:19,(anonymous_1)
FN:22,(anonymous_2)
FN:27,(anonymous_3)
FN:28,(anonymous_4)
FN:46,(anonymous_5)
FN:50,(anonymous_6)
FN:69,(anonymous_7)
FNF:8
FNH:6
FNDA:2,(anonymous_0)
FNDA:1,(anonymous_1)
FNDA:2,(anonymous_2)
FNDA:30,(anonymous_3)
FNDA:30,(anonymous_4)
FNDA:6,(anonymous_5)
FNDA:0,(anonymous_6)
FNDA:0,(anonymous_7)
DA:12,1
DA:14,1
DA:15,2
DA:17,2
DA:19,1
DA:22,2
DA:23,2
DA:24,1
DA:27,30
DA:28,30
DA:29,1
DA:31,1
DA:38,2
DA:47,6
DA:50,0
DA:70,0
LF:16
LH:14
BRDA:23,0,0,1
BRDA:23,0,1,1
BRDA:23,1,0,2
BRDA:23,1,1,1
BRDA:52,2,0,2
BRDA:52,2,1,4
BRDA:64,3,0,1
BRDA:64,3,1,1
BRDA:66,4,0,0
BRDA:66,4,1,2
BRDA:75,5,0,1
BRDA:75,5,1,1
BRDA:75,6,0,2
BRDA:75,6,1,1
BRF:14
BRH:13
end_of_record
TN:
SF:src/pages/CustomersPage.tsx
FN:16,(anonymous_0)
FN:27,(anonymous_1)
FN:37,(anonymous_2)
FN:38,(anonymous_3)
FN:41,(anonymous_4)
FN:46,(anonymous_5)
FN:64,(anonymous_6)
FNF:7
FNH:4
FNDA:3,(anonymous_0)
FNDA:1,(anonymous_1)
FNDA:1,(anonymous_2)
FNDA:5,(anonymous_3)
FNDA:0,(anonymous_4)
FNDA:0,(anonymous_5)
FNDA:0,(anonymous_6)
DA:16,1
DA:17,3
DA:22,3
DA:24,3
DA:26,3
DA:27,1
DA:35,3
DA:37,1
DA:38,5
DA:41,3
DA:42,0
DA:43,0
DA:46,3
DA:47,0
DA:48,0
DA:51,3
DA:65,0
LF:17
LH:12
BRDA:59,0,0,1
BRDA:59,0,1,2
BRDA:61,1,0,0
BRDA:61,1,1,3
BRDA:70,2,0,2
BRDA:70,2,1,1
BRDA:71,3,0,2
BRDA:71,3,1,0
BRF:8
BRH:6
end_of_record
TN:
SF:src/pages/NotFoundPage.tsx
FN:3,(anonymous_0)
FNF:1
FNH:1
FNDA:1,(anonymous_0)
DA:3,1
DA:4,1
LF:2
LH:2
BRF:0
BRH:0
end_of_record
TN:
SF:src/pages/OverviewPage.tsx
FN:14,(anonymous_0)
FN:18,(anonymous_1)
FN:33,(anonymous_2)
FN:38,(anonymous_3)
FN:39,(anonymous_4)
FN:50,(anonymous_5)
FN:72,(anonymous_6)
FNF:7
FNH:6
FNDA:14,(anonymous_0)
FNDA:4,(anonymous_1)
FNDA:3,(anonymous_2)
FNDA:4,(anonymous_3)
FNDA:29,(anonymous_4)
FNDA:0,(anonymous_5)
FNDA:16,(anonymous_6)
DA:14,1
DA:15,14
DA:17,14
DA:18,4
DA:26,14
DA:31,14
DA:33,3
DA:36,14
DA:38,4
DA:39,29
DA:42,14
DA:43,9
DA:46,5
DA:47,1
DA:51,0
DA:61,4
DA:62,4
DA:63,4
DA:65,4
DA:66,0
DA:69,4
DA:73,16
LF:22
LH:20
BRDA:42,0,0,9
BRDA:42,0,1,5
BRDA:42,1,0,14
BRDA:42,1,1,11
BRDA:42,1,2,8
BRDA:46,2,0,1
BRDA:46,2,1,4
BRDA:46,3,0,5
BRDA:46,3,1,4
BRDA:46,3,2,4
BRDA:65,4,0,0
BRDA:65,4,1,4
BRDA:65,5,0,4
BRDA:65,5,1,4
BRDA:65,5,2,4
BRF:15
BRH:14
end_of_record
TN:
SF:src/pages/SettingsPage.tsx
FN:12,(anonymous_0)
FN:24,(anonymous_1)
FN:29,(anonymous_2)
FN:44,(anonymous_3)
FN:62,(anonymous_4)
FN:71,(anonymous_5)
FN:78,(anonymous_6)
FN:91,(anonymous_7)
FN:98,(anonymous_8)
FN:99,(anonymous_9)
FN:117,(anonymous_10)
FN:123,(anonymous_11)
FN:141,(anonymous_12)
FN:158,(anonymous_13)
FN:176,(anonymous_14)
FN:178,(anonymous_15)
FN:183,(anonymous_16)
FN:200,(anonymous_17)
FN:212,(anonymous_18)
FN:224,(anonymous_19)
FNF:20
FNH:9
FNDA:10,(anonymous_0)
FNDA:5,(anonymous_1)
FNDA:3,(anonymous_2)
FNDA:1,(anonymous_3)
FNDA:1,(anonymous_4)
FNDA:0,(anonymous_5)
FNDA:1,(anonymous_6)
FNDA:0,(anonymous_7)
FNDA:1,(anonymous_8)
FNDA:1,(anonymous_9)
FNDA:0,(anonymous_10)
FNDA:0,(anonymous_11)
FNDA:0,(anonymous_12)
FNDA:0,(anonymous_13)
FNDA:0,(anonymous_14)
FNDA:0,(anonymous_15)
FNDA:0,(anonymous_16)
FNDA:1,(anonymous_17)
FNDA:0,(anonymous_18)
FNDA:0,(anonymous_19)
DA:12,2
DA:13,10
DA:14,10
DA:16,10
DA:21,10
DA:22,10
DA:24,10
DA:25,5
DA:26,2
DA:29,3
DA:30,3
DA:31,1
DA:34,2
DA:42,10
DA:45,1
DA:46,1
DA:48,1
DA:49,1
DA:50,1
DA:60,1
DA:63,1
DA:64,1
DA:65,1
DA:66,1
DA:67,1
DA:69,1
DA:72,0
DA:73,0
DA:74,0
DA:75,0
DA:76,0
DA:79,1
DA:83,10
DA:84,4
DA:87,6
DA:88,0
DA:92,0
DA:98,6
DA:99,1
DA:100,1
DA:101,0
DA:104,1
DA:114,1
DA:117,6
DA:118,0
DA:119,0
DA:122,0
DA:123,0
DA:124,0
DA:127,6
DA:142,0
DA:143,0
DA:144,0
DA:159,0
DA:160,0
DA:161,0
DA:177,0
DA:178,0
DA:179,0
DA:184,0
DA:185,0
DA:201,1
DA:213,0
DA:225,0
LF:64
LH:38
BRDA:25,0,0,2
BRDA:25,0,1,3
BRDA:30,1,0,1
BRDA:30,1,1,2
BRDA:49,2,0,1
BRDA:49,2,1,0
BRDA:63,3,0,1
BRDA:63,3,1,0
BRDA:83,4,0,4
BRDA:83,4,1,6
BRDA:83,5,0,10
BRDA:83,5,1,8
BRDA:87,6,0,0
BRDA:87,6,1,6
BRDA:100,7,0,0
BRDA:100,7,1,1
BRDA:118,8,0,0
BRDA:118,8,1,0
BRDA:122,9,0,0
BRDA:122,9,1,0
BRDA:123,10,0,0
BRDA:123,10,1,0
BRDA:179,11,0,0
BRDA:179,11,1,0
BRDA:184,12,0,0
BRDA:184,12,1,0
BRDA:237,13,0,2
BRDA:237,13,1,4
BRDA:239,14,0,4
BRDA:239,14,1,2
BRF:30
BRH:16
end_of_record
